This is pdfTeX, Version 3.14159265-2.6-1.40.21 (TeX Live 2020/W32TeX) (preloaded format=pdflatex 2020.9.28)  22 NOV 2020 02:59
entering extended mode
 restricted \write18 enabled.
 %&-line parsing enabled.
**relatorio.tex
(./relatorio.tex
LaTeX2e <2020-02-02> patch level 5
L3 programming layer <2020-09-24>
(c:/texlive/2020/texmf-dist/tex/latex/base/article.cls
Document Class: article 2019/12/20 v1.4l Standard LaTeX document class
(c:/texlive/2020/texmf-dist/tex/latex/base/size10.clo
File: size10.clo 2019/12/20 v1.4l Standard LaTeX file (size option)
)
\c@part=\count168
\c@section=\count169
\c@subsection=\count170
\c@subsubsection=\count171
\c@paragraph=\count172
\c@subparagraph=\count173
\c@figure=\count174
\c@table=\count175
\abovecaptionskip=\skip47
\belowcaptionskip=\skip48
\bibindent=\dimen134
)
(c:/texlive/2020/texmf-dist/tex/latex/base/inputenc.sty
Package: inputenc 2018/08/11 v1.3c Input encoding file
\inpenc@prehook=\toks15
\inpenc@posthook=\toks16
)
(c:/texlive/2020/texmf-dist/tex/latex/graphics/graphicx.sty
Package: graphicx 2019/11/30 v1.2a Enhanced LaTeX Graphics (DPC,SPQR)

(c:/texlive/2020/texmf-dist/tex/latex/graphics/keyval.sty
Package: keyval 2014/10/28 v1.15 key=value parser (DPC)
\KV@toks@=\toks17
)
(c:/texlive/2020/texmf-dist/tex/latex/graphics/graphics.sty
Package: graphics 2019/11/30 v1.4a Standard LaTeX Graphics (DPC,SPQR)

(c:/texlive/2020/texmf-dist/tex/latex/graphics/trig.sty
Package: trig 2016/01/03 v1.10 sin cos tan (DPC)
)
(c:/texlive/2020/texmf-dist/tex/latex/graphics-cfg/graphics.cfg
File: graphics.cfg 2016/06/04 v1.11 sample graphics configuration
)
Package graphics Info: Driver file: pdftex.def on input line 105.

(c:/texlive/2020/texmf-dist/tex/latex/graphics-def/pdftex.def
File: pdftex.def 2020/08/26 v1.2 Graphics/color driver for pdftex
))
\Gin@req@height=\dimen135
\Gin@req@width=\dimen136
)
(c:/texlive/2020/texmf-dist/tex/latex/psnfss/courier.sty
Package: courier 2020/03/25 PSNFSS-v9.3 (WaS) 
)
(c:/texlive/2020/texmf-dist/tex/latex/listings/listings.sty
\lst@mode=\count176
\lst@gtempboxa=\box45
\lst@token=\toks18
\lst@length=\count177
\lst@currlwidth=\dimen137
\lst@column=\count178
\lst@pos=\count179
\lst@lostspace=\dimen138
\lst@width=\dimen139
\lst@newlines=\count180
\lst@lineno=\count181
\lst@maxwidth=\dimen140

(c:/texlive/2020/texmf-dist/tex/latex/listings/lstmisc.sty
File: lstmisc.sty 2020/03/24 1.8d (Carsten Heinz)
\c@lstnumber=\count182
\lst@skipnumbers=\count183
\lst@framebox=\box46
)
(c:/texlive/2020/texmf-dist/tex/latex/listings/listings.cfg
File: listings.cfg 2020/03/24 1.8d listings configuration
))
Package: listings 2020/03/24 1.8d (Carsten Heinz)

(c:/texlive/2020/texmf-dist/tex/latex/xcolor/xcolor.sty
Package: xcolor 2016/05/11 v2.12 LaTeX color extensions (UK)

(c:/texlive/2020/texmf-dist/tex/latex/graphics-cfg/color.cfg
File: color.cfg 2016/01/02 v1.6 sample color configuration
)
Package xcolor Info: Driver file: pdftex.def on input line 225.
Package xcolor Info: Model `cmy' substituted by `cmy0' on input line 1348.
Package xcolor Info: Model `hsb' substituted by `rgb' on input line 1352.
Package xcolor Info: Model `RGB' extended on input line 1364.
Package xcolor Info: Model `HTML' substituted by `rgb' on input line 1366.
Package xcolor Info: Model `Hsb' substituted by `hsb' on input line 1367.
Package xcolor Info: Model `tHsb' substituted by `hsb' on input line 1368.
Package xcolor Info: Model `HSB' substituted by `hsb' on input line 1369.
Package xcolor Info: Model `Gray' substituted by `gray' on input line 1370.
Package xcolor Info: Model `wave' substituted by `hsb' on input line 1371.
)
(c:/texlive/2020/texmf-dist/tex/latex/l3backend/l3backend-pdftex.def
File: l3backend-pdftex.def 2020-09-24 L3 backend support: PDF output (pdfTeX)
\l__kernel_color_stack_int=\count184
\l__pdf_internal_box=\box47
)
(./relatorio.aux)
\openout1 = `relatorio.aux'.

LaTeX Font Info:    Checking defaults for OML/cmm/m/it on input line 22.
LaTeX Font Info:    ... okay on input line 22.
LaTeX Font Info:    Checking defaults for OMS/cmsy/m/n on input line 22.
LaTeX Font Info:    ... okay on input line 22.
LaTeX Font Info:    Checking defaults for OT1/cmr/m/n on input line 22.
LaTeX Font Info:    ... okay on input line 22.
LaTeX Font Info:    Checking defaults for T1/cmr/m/n on input line 22.
LaTeX Font Info:    ... okay on input line 22.
LaTeX Font Info:    Checking defaults for TS1/cmr/m/n on input line 22.
LaTeX Font Info:    ... okay on input line 22.
LaTeX Font Info:    Checking defaults for OMX/cmex/m/n on input line 22.
LaTeX Font Info:    ... okay on input line 22.
LaTeX Font Info:    Checking defaults for U/cmr/m/n on input line 22.
LaTeX Font Info:    ... okay on input line 22.

(c:/texlive/2020/texmf-dist/tex/context/base/mkii/supp-pdf.mkii
[Loading MPS to PDF converter (version 2006.09.02).]
\scratchcounter=\count185
\scratchdimen=\dimen141
\scratchbox=\box48
\nofMPsegments=\count186
\nofMParguments=\count187
\everyMPshowfont=\toks19
\MPscratchCnt=\count188
\MPscratchDim=\dimen142
\MPnumerator=\count189
\makeMPintoPDFobject=\count190
\everyMPtoPDFconversion=\toks20
) (c:/texlive/2020/texmf-dist/tex/latex/epstopdf-pkg/epstopdf-base.sty
Package: epstopdf-base 2020-01-24 v2.11 Base part for package epstopdf
Package epstopdf-base Info: Redefining graphics rule for `.eps' on input line 4
85.

(c:/texlive/2020/texmf-dist/tex/latex/latexconfig/epstopdf-sys.cfg
File: epstopdf-sys.cfg 2010/07/13 v1.3 Configuration of (r)epstopdf for TeX Liv
e
))
\c@lstlisting=\count191
LaTeX Font Info:    External font `cmex10' loaded for size
(Font)              <12> on input line 24.
LaTeX Font Info:    External font `cmex10' loaded for size
(Font)              <8> on input line 24.
LaTeX Font Info:    External font `cmex10' loaded for size
(Font)              <6> on input line 24.
 [1

{c:/texlive/2020/texmf-var/fonts/map/pdftex/updmap/pdftex.map}] [2] [3] [4]
LaTeX Font Info:    External font `cmex10' loaded for size
(Font)              <7> on input line 56.
LaTeX Font Info:    External font `cmex10' loaded for size
(Font)              <5> on input line 56.

Overfull \hbox (3.26659pt too wide) in paragraph at lines 63--64
[]\OT1/cmr/bx/n/10 avg$[]$atm$[]$pressure \OT1/cmr/m/n/10 - valor m^^Sedio da p
ress~ao at-mosf^^Serica para o record$[]$date
 []


Overfull \hbox (0.38918pt too wide) in paragraph at lines 67--68
[]\OT1/cmr/bx/n/10 avg$[]$rain \OT1/cmr/m/n/10 - avalia^^Xc~ao qual-i-ta-tiva d
o n^^S^^Pvel de pre-cipita^^Xc~ao para o record$[]$date
 []

[5]
<imagens/DATAPREPARATION.jpg, id=24, 944.328pt x 364.36125pt>
File: imagens/DATAPREPARATION.jpg Graphic file (type jpg)
<use imagens/DATAPREPARATION.jpg>
Package pdftex.def Info: imagens/DATAPREPARATION.jpg  used on input line 82.
(pdftex.def)             Requested size: 345.0pt x 133.11583pt.
<imagens/DATASET.jpg, id=25, 826.287pt x 496.85625pt>
File: imagens/DATASET.jpg Graphic file (type jpg)
<use imagens/DATASET.jpg>
Package pdftex.def Info: imagens/DATASET.jpg  used on input line 94.
(pdftex.def)             Requested size: 345.0pt x 207.45001pt.
 [6 <./imagens/DATAPREPARATION.jpg> <./imagens/DATASET.jpg>]
<imagens/DATAFE.jpg, id=29, 599.841pt x 461.92575pt>
File: imagens/DATAFE.jpg Graphic file (type jpg)
<use imagens/DATAFE.jpg>
Package pdftex.def Info: imagens/DATAFE.jpg  used on input line 103.
(pdftex.def)             Requested size: 345.0pt x 265.68277pt.
 [7 <./imagens/DATAFE.jpg>]
<imagens/partedodiacode.jpg, id=34, 275.8305pt x 258.9675pt>
File: imagens/partedodiacode.jpg Graphic file (type jpg)
<use imagens/partedodiacode.jpg>
Package pdftex.def Info: imagens/partedodiacode.jpg  used on input line 112.
(pdftex.def)             Requested size: 172.5pt x 161.95306pt.
<imagens/partedodiafreq.jpg, id=35, 582.978pt x 444.4605pt>
File: imagens/partedodiafreq.jpg Graphic file (type jpg)
<use imagens/partedodiafreq.jpg>
Package pdftex.def Info: imagens/partedodiafreq.jpg  used on input line 119.
(pdftex.def)             Requested size: 699.57011pt x 533.34993pt.

Overfull \hbox (9.86954pt too wide) in paragraph at lines 124--125
[]\OT1/cmr/m/n/10 Outra das trans-forma^^Xc~oes mais im-por-tantes foi so-bre a
 fea-ture \OT1/cmr/bx/n/10 affected$[]$roads\OT1/cmr/m/n/10 ,
 []

<imagens/roads.jpg, id=36, 634.16925pt x 462.528pt>
File: imagens/roads.jpg Graphic file (type jpg)
<use imagens/roads.jpg>
Package pdftex.def Info: imagens/roads.jpg  used on input line 128.
(pdftex.def)             Requested size: 760.99928pt x 555.0308pt.

LaTeX Warning: `!h' float specifier changed to `!ht'.

[8 <./imagens/partedodiacode.jpg> <./imagens/partedodiafreq.jpg>]
<imagens/bproads.jpg, id=40, 475.7775pt x 353.52075pt>
File: imagens/bproads.jpg Graphic file (type jpg)
<use imagens/bproads.jpg>
Package pdftex.def Info: imagens/bproads.jpg  used on input line 138.
(pdftex.def)             Requested size: 570.93013pt x 424.22278pt.
 [9 <./imagens/roads.jpg> <./imagens/bproads.jpg>]
(c:/texlive/2020/texmf-dist/tex/latex/listings/lstlang1.sty
File: lstlang1.sty 2020/03/24 1.8d listings language file
)
LaTeX Font Info:    Trying to load font information for OT1+pcr on input line 1
45.

(c:/texlive/2020/texmf-dist/tex/latex/psnfss/ot1pcr.fd
File: ot1pcr.fd 2001/06/04 font definitions for OT1/pcr.
) [10] [11] [12]
(./relatorio.aux) ) 
Here is how much of TeX's memory you used:
 3458 strings out of 480875
 47037 string characters out of 5911456
 508603 words of memory out of 5000000
 19079 multiletter control sequences out of 15000+600000
 540465 words of font info for 47 fonts, out of 8000000 for 9000
 1141 hyphenation exceptions out of 8191
 36i,7n,42p,433b,1248s stack positions out of 5000i,500n,10000p,200000b,80000s
{c:/texlive/2020/texmf-dist/fonts/enc/dvips/base/8r.enc}<c:/
texlive/2020/texmf-dist/fonts/type1/public/amsfonts/cm/cmbx10.pfb><c:/texlive/2
020/texmf-dist/fonts/type1/public/amsfonts/cm/cmbx12.pfb><c:/texlive/2020/texmf
-dist/fonts/type1/public/amsfonts/cm/cmbx9.pfb><c:/texlive/2020/texmf-dist/font
s/type1/public/amsfonts/cm/cmr10.pfb><c:/texlive/2020/texmf-dist/fonts/type1/pu
blic/amsfonts/cm/cmr12.pfb><c:/texlive/2020/texmf-dist/fonts/type1/public/amsfo
nts/cm/cmr17.pfb><c:/texlive/2020/texmf-dist/fonts/type1/public/amsfonts/cm/cmr
5.pfb><c:/texlive/2020/texmf-dist/fonts/type1/urw/courier/ucrr8a.pfb>
Output written on relatorio.pdf (12 pages, 1486853 bytes).
PDF statistics:
 83 PDF objects out of 1000 (max. 8388607)
 53 compressed objects within 1 object stream
 0 named destinations out of 1000 (max. 500000)
 36 words of extra memory for PDF output out of 10000 (max. 10000000)

